<?xml version="1.0" encoding="UTF-8"?>
<!-- Generated by org.testng.reporters.JUnitReportReporter -->
<testsuite hostname="DML-rbE9bu0vttI" failures="0" tests="3" name="department.tests.SubmitTest" time="39.687" errors="0" timestamp="2024-11-06T14:41:10 IST" skipped="0">
  <testcase classname="department.tests.SubmitTest" name="orderHistoryTest" time="2.557"/>
  <testcase classname="department.tests.SubmitTest" name="submitOrder" time="19.469"/>
  <testcase classname="department.tests.SubmitTest" name="submitOrder" time="17.661"/>
</testsuite> <!-- department.tests.SubmitTest -->
